<?xml version="1.0" encoding="UTF-8"?>
<testng-results total="10" passed="10" failed="0" skipped="0">
  <reporter-output>
  </reporter-output>
  <suite started-at="2024-06-15T22:25:28Z" name="Test Suite for Buildout" finished-at="2024-06-15T22:25:37Z" duration-ms="8878">
    <groups>
    </groups>
    <test started-at="2024-06-15T22:25:28Z" name="Test Cases for Buildout" finished-at="2024-06-15T22:25:37Z" duration-ms="8878">
      <class name="demo.TestCases">
        <test-method is-config="true" signature="startBrowser()[pri:0, instance:demo.TestCases@3e7634b9]" started-at="2024-06-16T03:55:28Z" name="startBrowser" finished-at="2024-06-16T03:55:29Z" duration-ms="1522" status="PASS">
          <reporter-output>
          </reporter-output>
        </test-method> <!-- startBrowser -->
        <test-method signature="testCase01()[pri:0, instance:demo.TestCases@3e7634b9]" started-at="2024-06-16T03:55:29Z" name="testCase01" finished-at="2024-06-16T03:55:31Z" duration-ms="2149" status="PASS">
          <reporter-output>
          </reporter-output>
        </test-method> <!-- testCase01 -->
        <test-method signature="testCase02()[pri:0, instance:demo.TestCases@3e7634b9]" started-at="2024-06-16T03:55:31Z" name="testCase02" finished-at="2024-06-16T03:55:32Z" duration-ms="203" status="PASS">
          <reporter-output>
          </reporter-output>
        </test-method> <!-- testCase02 -->
        <test-method signature="testCase03()[pri:0, instance:demo.TestCases@3e7634b9]" started-at="2024-06-16T03:55:32Z" name="testCase03" finished-at="2024-06-16T03:55:32Z" duration-ms="95" status="PASS">
          <reporter-output>
          </reporter-output>
        </test-method> <!-- testCase03 -->
        <test-method signature="testCase04()[pri:0, instance:demo.TestCases@3e7634b9]" started-at="2024-06-16T03:55:32Z" name="testCase04" finished-at="2024-06-16T03:55:32Z" duration-ms="36" status="PASS">
          <reporter-output>
          </reporter-output>
        </test-method> <!-- testCase04 -->
        <test-method signature="testCase05()[pri:0, instance:demo.TestCases@3e7634b9]" started-at="2024-06-16T03:55:32Z" name="testCase05" finished-at="2024-06-16T03:55:32Z" duration-ms="102" status="PASS">
          <reporter-output>
          </reporter-output>
        </test-method> <!-- testCase05 -->
        <test-method signature="testCase06()[pri:0, instance:demo.TestCases@3e7634b9]" started-at="2024-06-16T03:55:32Z" name="testCase06" finished-at="2024-06-16T03:55:36Z" duration-ms="3711" status="PASS">
          <reporter-output>
          </reporter-output>
        </test-method> <!-- testCase06 -->
        <test-method signature="testCase07()[pri:0, instance:demo.TestCases@3e7634b9]" started-at="2024-06-16T03:55:36Z" name="testCase07" finished-at="2024-06-16T03:55:36Z" duration-ms="43" status="PASS">
          <reporter-output>
          </reporter-output>
        </test-method> <!-- testCase07 -->
        <test-method signature="testCase08()[pri:0, instance:demo.TestCases@3e7634b9]" started-at="2024-06-16T03:55:36Z" name="testCase08" finished-at="2024-06-16T03:55:36Z" duration-ms="116" status="PASS">
          <reporter-output>
          </reporter-output>
        </test-method> <!-- testCase08 -->
        <test-method signature="testCase09()[pri:0, instance:demo.TestCases@3e7634b9]" started-at="2024-06-16T03:55:36Z" name="testCase09" finished-at="2024-06-16T03:55:36Z" duration-ms="616" status="PASS">
          <reporter-output>
          </reporter-output>
        </test-method> <!-- testCase09 -->
        <test-method signature="testCase10()[pri:0, instance:demo.TestCases@3e7634b9]" started-at="2024-06-16T03:55:36Z" name="testCase10" finished-at="2024-06-16T03:55:36Z" duration-ms="72" status="PASS">
          <reporter-output>
          </reporter-output>
        </test-method> <!-- testCase10 -->
        <test-method is-config="true" signature="endTest()[pri:0, instance:demo.TestCases@3e7634b9]" started-at="2024-06-16T03:55:36Z" name="endTest" finished-at="2024-06-16T03:55:37Z" duration-ms="205" status="PASS">
          <reporter-output>
          </reporter-output>
        </test-method> <!-- endTest -->
      </class> <!-- demo.TestCases -->
    </test> <!-- Test Cases for Buildout -->
  </suite> <!-- Test Suite for Buildout -->
</testng-results>
